<?xml version="1.0" encoding="UTF-8"?>
<!-- Generated by org.testng.reporters.JUnitXMLReporter -->
<testsuite ignored="0" hostname="muratguven2" failures="0" tests="4" name="Default test" time="93.618" errors="0" timestamp="2021-12-21T04:05:03 TRT">
  <testcase classname="tests.Scenerious" name="test1" time="11.534"/>
  <testcase classname="tests.Scenerious" name="test2" time="22.246"/>
  <testcase classname="tests.Scenerious" name="test3" time="5.845"/>
  <testcase classname="tests.Scenerious" name="test4" time="6.987"/>
</testsuite> <!-- Default test -->
